<?xml version="1.0" encoding="UTF-8"?>
<testng-results ignored="0" total="5" passed="5" failed="0" skipped="0">
  <reporter-output>
  </reporter-output>
  <suite started-at="2021-12-18T20:41:32 IST" name="com.runner.TestRunner" finished-at="2021-12-18T20:41:36 IST" duration-ms="3670">
    <groups>
      <group name="cucumber">
        <method signature="AbstractTestNGCucumberTests.runScenario(io.cucumber.testng.PickleWrapper,io.cucumber.testng.FeatureWrapper)[pri:0, instance:com.runner.TestRunner@4e08711f]" name="runScenario" class="io.cucumber.testng.AbstractTestNGCucumberTests"/>
      </group> <!-- cucumber -->
    </groups>
    <test started-at="2021-12-18T20:41:32 IST" name="Command line test" finished-at="2021-12-18T20:41:36 IST" duration-ms="3670">
      <class name="com.runner.TestRunner">
        <test-method is-config="true" signature="setUpClass(org.testng.ITestContext)[pri:0, instance:com.runner.TestRunner@4e08711f]" started-at="2021-12-18T20:41:32 IST" name="setUpClass" finished-at="2021-12-18T20:41:33 IST" duration-ms="223" status="PASS">
          <params>
            <param index="0">
              <value>
                <![CDATA[org.testng.TestRunner@22a6e998]]>
              </value>
            </param>
          </params>
          <reporter-output>
          </reporter-output>
        </test-method> <!-- setUpClass -->
        <test-method signature="runScenario(io.cucumber.testng.PickleWrapper,io.cucumber.testng.FeatureWrapper)[pri:0, instance:com.runner.TestRunner@4e08711f]" started-at="2021-12-18T20:41:33 IST" name="runScenario" description="Runs Cucumber Scenarios" data-provider="scenarios" finished-at="2021-12-18T20:41:35 IST" duration-ms="2427" status="PASS">
          <params>
            <param index="0">
              <value>
                <![CDATA["User opens Home Page"]]>
              </value>
            </param>
            <param index="1">
              <value>
                <![CDATA["Optional[FlyAway Ticket Booking]"]]>
              </value>
            </param>
          </params>
          <reporter-output>
          </reporter-output>
        </test-method> <!-- runScenario -->
        <test-method signature="runScenario(io.cucumber.testng.PickleWrapper,io.cucumber.testng.FeatureWrapper)[pri:0, instance:com.runner.TestRunner@4e08711f]" started-at="2021-12-18T20:41:35 IST" name="runScenario" description="Runs Cucumber Scenarios" data-provider="scenarios" finished-at="2021-12-18T20:41:35 IST" duration-ms="452" status="PASS">
          <params>
            <param index="0">
              <value>
                <![CDATA["User Registration"]]>
              </value>
            </param>
            <param index="1">
              <value>
                <![CDATA["Optional[FlyAway Ticket Booking]"]]>
              </value>
            </param>
          </params>
          <reporter-output>
          </reporter-output>
        </test-method> <!-- runScenario -->
        <test-method signature="runScenario(io.cucumber.testng.PickleWrapper,io.cucumber.testng.FeatureWrapper)[pri:0, instance:com.runner.TestRunner@4e08711f]" started-at="2021-12-18T20:41:35 IST" name="runScenario" description="Runs Cucumber Scenarios" data-provider="scenarios" finished-at="2021-12-18T20:41:36 IST" duration-ms="177" status="PASS">
          <params>
            <param index="0">
              <value>
                <![CDATA["Login Page"]]>
              </value>
            </param>
            <param index="1">
              <value>
                <![CDATA["Optional[FlyAway Ticket Booking]"]]>
              </value>
            </param>
          </params>
          <reporter-output>
          </reporter-output>
        </test-method> <!-- runScenario -->
        <test-method signature="runScenario(io.cucumber.testng.PickleWrapper,io.cucumber.testng.FeatureWrapper)[pri:0, instance:com.runner.TestRunner@4e08711f]" started-at="2021-12-18T20:41:36 IST" name="runScenario" description="Runs Cucumber Scenarios" data-provider="scenarios" finished-at="2021-12-18T20:41:36 IST" duration-ms="214" status="PASS">
          <params>
            <param index="0">
              <value>
                <![CDATA["Flight Ticket Booking"]]>
              </value>
            </param>
            <param index="1">
              <value>
                <![CDATA["Optional[FlyAway Ticket Booking]"]]>
              </value>
            </param>
          </params>
          <reporter-output>
          </reporter-output>
        </test-method> <!-- runScenario -->
        <test-method signature="runScenario(io.cucumber.testng.PickleWrapper,io.cucumber.testng.FeatureWrapper)[pri:0, instance:com.runner.TestRunner@4e08711f]" started-at="2021-12-18T20:41:36 IST" name="runScenario" description="Runs Cucumber Scenarios" data-provider="scenarios" finished-at="2021-12-18T20:41:36 IST" duration-ms="139" status="PASS">
          <params>
            <param index="0">
              <value>
                <![CDATA["View Booking Status"]]>
              </value>
            </param>
            <param index="1">
              <value>
                <![CDATA["Optional[FlyAway Ticket Booking]"]]>
              </value>
            </param>
          </params>
          <reporter-output>
          </reporter-output>
        </test-method> <!-- runScenario -->
        <test-method is-config="true" signature="tearDownClass()[pri:0, instance:com.runner.TestRunner@4e08711f]" started-at="2021-12-18T20:41:36 IST" name="tearDownClass" finished-at="2021-12-18T20:41:36 IST" duration-ms="10" status="PASS">
          <reporter-output>
          </reporter-output>
        </test-method> <!-- tearDownClass -->
      </class> <!-- com.runner.TestRunner -->
    </test> <!-- Command line test -->
  </suite> <!-- com.runner.TestRunner -->
</testng-results>
