<?xml version="1.0" encoding="UTF-8" ?>
<testsuite tests="5" failures="0" name="com.runner.TestRunner" time="9.804" errors="0" skipped="0">
  <properties>
[...]
</properties>
  <testcase classname="com.runner.TestRunner" name="runScenario" time="7.138"/>
  <testcase classname="com.runner.TestRunner" name="runScenario" time="1.246"/>
  <testcase classname="com.runner.TestRunner" name="runScenario" time="0.389"/>
  <testcase classname="com.runner.TestRunner" name="runScenario" time="0.582"/>
  <testcase classname="com.runner.TestRunner" name="runScenario" time="0.449"/>
</testsuite>